#
# There is insufficient memory for the Java Runtime Environment to continue.
# Native memory allocation (mmap) failed to map 65536 bytes for Failed to commit area from 0x000002838f070000 to 0x000002838f080000 of length 65536.
# Possible reasons:
#   The system is out of physical RAM or swap space
#   The process is running with CompressedOops enabled, and the Java Heap may be blocking the growth of the native heap
# Possible solutions:
#   Reduce memory load on the system
#   Increase physical memory or swap space
#   Check if swap backing store is full
#   Decrease Java heap size (-Xmx/-Xms)
#   Decrease number of Java threads
#   Decrease Java thread stack sizes (-Xss)
#   Set larger code cache with -XX:ReservedCodeCacheSize=
# This output file may be truncated or incomplete.
#
#  Out of Memory Error (src/hotspot/os/windows/os_windows.cpp:3624), pid=252, tid=612
#
# JRE version:  (11.0.14.1+1) (build )
# Java VM: OpenJDK 64-Bit Server VM (11.0.14.1+1-b2043.25, mixed mode, sharing, tiered, compressed oops, g1 gc, windows-amd64)
# No core dump will be written. Minidumps are not enabled by default on client versions of Windows
#

---------------  S U M M A R Y ------------

Command Line: git4idea.http.GitAskPassApp Username for 'https://github.com': 

Host: AMD Ryzen 5 3550H with Radeon Vega Mobile Gfx  , 8 cores, 15G,  Windows 10 , 64 bit Build 19041 (10.0.19041.1566)
Time: Mon Apr 25 08:19:14 2022 SE Asia Standard Time elapsed time: 0.014145 seconds (0d 0h 0m 0s)

---------------  T H R E A D  ---------------

Current thread (0x00000283f2b3f800):  JavaThread "Unknown thread" [_thread_in_vm, id=612, stack(0x000000eaf8600000,0x000000eaf8700000)]

Stack: [0x000000eaf8600000,0x000000eaf8700000]
Native frames: (J=compiled Java code, j=interpreted, Vv=VM code, C=native code)
V  [jvm.dll+0x61618a]
V  [jvm.dll+0x79c450]
V  [jvm.dll+0x79da6d]
V  [jvm.dll+0x79e143]
V  [jvm.dll+0x24c968]
V  [jvm.dll+0x6131f4]
V  [jvm.dll+0x607ef5]
V  [jvm.dll+0x30b35b]
V  [jvm.dll+0x30b2ca]
V  [jvm.dll+0x30b1a2]
V  [jvm.dll+0x310205]
V  [jvm.dll+0x35b807]
V  [jvm.dll+0x35bee6]
V  [jvm.dll+0x35b8e3]
V  [jvm.dll+0x2e5b68]
V  [jvm.dll+0x2e6d17]
V  [jvm.dll+0x779087]
V  [jvm.dll+0x77a87c]
V  [jvm.dll+0x368d99]
V  [jvm.dll+0x75c9de]
V  [jvm.dll+0x3d6d53]
V  [jvm.dll+0x3d92f1]
C  [jli.dll+0x536b]
C  [ucrtbase.dll+0x21bb2]
C  [KERNEL32.DLL+0x17034]
C  [ntdll.dll+0x52651]


---------------  P R O C E S S  ---------------

Threads class SMR info:
_java_thread_list=0x00000283f0a95c50, length=0, elements={
}

Java Threads: ( => current thread )

Other Threads:
  0x00000283f2b56000 GCTaskThread "GC Thread#0" [stack: 0x000000eaf8700000,0x000000eaf8800000] [id=8456]
  0x00000283f2bb3800 ConcurrentGCThread "G1 Main Marker" [stack: 0x000000eaf8800000,0x000000eaf8900000] [id=13820]
  0x00000283f2bb5000 ConcurrentGCThread "G1 Conc#0" [stack: 0x000000eaf8900000,0x000000eaf8a00000] [id=7620]

[error occurred during error reporting (printing all threads), id 0xc0000005, EXCEPTION_ACCESS_VIOLATION (0xc0000005) at pc=0x00007ffc445e6177]

VM state:not at safepoint (not fully initialized)

VM Mutex/Monitor currently owned by a thread:  ([mutex/lock_event])
[0x00000283f2b3bf50] Heap_lock - owner thread: 0x00000283f2b3f800

Heap address: 0x0000000704e00000, size: 4018 MB, Compressed Oops mode: Non-zero based: 0x0000000704e00000
Narrow klass base: 0x0000000000000000, Narrow klass shift: 0

GC Heap History (0 events):
No events

Deoptimization events (0 events):
No events

Classes redefined (0 events):
No events

Internal exceptions (0 events):
No events

Events (1 events):
Event: 0.007 Loaded shared library C:\Program Files\JetBrains\IntelliJ IDEA Community Edition 2021.3.3\jbr\bin\zip.dll


Dynamic libraries:
0x00007ff78dc60000 - 0x00007ff78dc6a000 	C:\Program Files\JetBrains\IntelliJ IDEA Community Edition 2021.3.3\jbr\bin\java.exe
0x00007ffc84c50000 - 0x00007ffc84e45000 	C:\Windows\SYSTEM32\ntdll.dll
0x00007ffc83120000 - 0x00007ffc831de000 	C:\Windows\System32\KERNEL32.DLL
0x00007ffc823c0000 - 0x00007ffc82688000 	C:\Windows\System32\KERNELBASE.dll
0x00007ffc826c0000 - 0x00007ffc827c0000 	C:\Windows\System32\ucrtbase.dll
0x00007ffc6c850000 - 0x00007ffc6c869000 	C:\Program Files\JetBrains\IntelliJ IDEA Community Edition 2021.3.3\jbr\bin\jli.dll
0x00007ffc66080000 - 0x00007ffc66096000 	C:\Program Files\JetBrains\IntelliJ IDEA Community Edition 2021.3.3\jbr\bin\VCRUNTIME140.dll
0x00007ffc83200000 - 0x00007ffc833a0000 	C:\Windows\System32\USER32.dll
0x00007ffc82690000 - 0x00007ffc826b2000 	C:\Windows\System32\win32u.dll
0x00007ffc75760000 - 0x00007ffc759fa000 	C:\Windows\WinSxS\amd64_microsoft.windows.common-controls_6595b64144ccf1df_6.0.19041.1110_none_60b5254171f9507e\COMCTL32.dll
0x00007ffc83d30000 - 0x00007ffc83d5a000 	C:\Windows\System32\GDI32.dll
0x00007ffc848c0000 - 0x00007ffc8495e000 	C:\Windows\System32\msvcrt.dll
0x00007ffc82b00000 - 0x00007ffc82c0b000 	C:\Windows\System32\gdi32full.dll
0x00007ffc82c10000 - 0x00007ffc82cad000 	C:\Windows\System32\msvcp_win.dll
0x00007ffc83e20000 - 0x00007ffc83e50000 	C:\Windows\System32\IMM32.DLL
0x00007ffc4f550000 - 0x00007ffc4f5fa000 	C:\Program Files\JetBrains\IntelliJ IDEA Community Edition 2021.3.3\jbr\bin\msvcp140.dll
0x00007ffc442f0000 - 0x00007ffc44e6a000 	C:\Program Files\JetBrains\IntelliJ IDEA Community Edition 2021.3.3\jbr\bin\server\jvm.dll
0x00007ffc84030000 - 0x00007ffc840de000 	C:\Windows\System32\ADVAPI32.dll
0x00007ffc83b50000 - 0x00007ffc83bec000 	C:\Windows\System32\sechost.dll
0x00007ffc83e50000 - 0x00007ffc83f75000 	C:\Windows\System32\RPCRT4.dll
0x00007ffc83bf0000 - 0x00007ffc83bf8000 	C:\Windows\System32\PSAPI.DLL
0x00007ffc75b70000 - 0x00007ffc75b79000 	C:\Windows\SYSTEM32\WSOCK32.dll
0x00007ffc847c0000 - 0x00007ffc8482b000 	C:\Windows\System32\WS2_32.dll
0x00007ffc796a0000 - 0x00007ffc796aa000 	C:\Windows\SYSTEM32\VERSION.dll
0x00007ffc78190000 - 0x00007ffc781b7000 	C:\Windows\SYSTEM32\WINMM.dll
0x00007ffc80290000 - 0x00007ffc802a2000 	C:\Windows\SYSTEM32\kernel.appcore.dll
0x00007ffc4d090000 - 0x00007ffc4d0a1000 	C:\Program Files\JetBrains\IntelliJ IDEA Community Edition 2021.3.3\jbr\bin\verify.dll
0x00007ffc7c520000 - 0x00007ffc7c704000 	C:\Windows\SYSTEM32\DBGHELP.DLL
0x00007ffc71c30000 - 0x00007ffc71c5c000 	C:\Windows\SYSTEM32\dbgcore.DLL
0x00007ffc82a00000 - 0x00007ffc82a82000 	C:\Windows\System32\bcryptPrimitives.dll
0x00007ffc4bf40000 - 0x00007ffc4bf69000 	C:\Program Files\JetBrains\IntelliJ IDEA Community Edition 2021.3.3\jbr\bin\java.dll
0x00007ffc7d480000 - 0x00007ffc7d48b000 	C:\Program Files\JetBrains\IntelliJ IDEA Community Edition 2021.3.3\jbr\bin\jimage.dll
0x00007ffc4bf20000 - 0x00007ffc4bf39000 	C:\Program Files\JetBrains\IntelliJ IDEA Community Edition 2021.3.3\jbr\bin\zip.dll

dbghelp: loaded successfully - version: 4.0.5 - missing functions: none
symbol engine: initialized successfully - sym options: 0x614 - pdb path: .;C:\Program Files\JetBrains\IntelliJ IDEA Community Edition 2021.3.3\jbr\bin;C:\Windows\SYSTEM32;C:\Windows\WinSxS\amd64_microsoft.windows.common-controls_6595b64144ccf1df_6.0.19041.1110_none_60b5254171f9507e;C:\Program Files\JetBrains\IntelliJ IDEA Community Edition 2021.3.3\jbr\bin\server

VM Arguments:
java_command: git4idea.http.GitAskPassApp Username for 'https://github.com': 
java_class_path (initial): C:/Program Files/JetBrains/IntelliJ IDEA Community Edition 2021.3.3/plugins/git4idea/lib/git4idea-rt.jar;C:/Program Files/JetBrains/IntelliJ IDEA Community Edition 2021.3.3/lib/externalProcess-rt.jar;C:/Program Files/JetBrains/IntelliJ IDEA Community Edition 2021.3.3/lib/app.jar;C:/Program Files/JetBrains/IntelliJ IDEA Community Edition 2021.3.3/lib/3rd-party-rt.jar
Launcher Type: SUN_STANDARD

[Global flags]
     intx CICompilerCount                          = 4                                         {product} {ergonomic}
     uint ConcGCThreads                            = 2                                         {product} {ergonomic}
     uint G1ConcRefinementThreads                  = 8                                         {product} {ergonomic}
   size_t G1HeapRegionSize                         = 1048576                                   {product} {ergonomic}
    uintx GCDrainStackTargetSize                   = 64                                        {product} {ergonomic}
   size_t InitialHeapSize                          = 264241152                                 {product} {ergonomic}
   size_t MarkStackSize                            = 4194304                                   {product} {ergonomic}
   size_t MaxHeapSize                              = 4213178368                                {product} {ergonomic}
   size_t MinHeapDeltaBytes                        = 1048576                                   {product} {ergonomic}
    uintx NonNMethodCodeHeapSize                   = 5836300                                {pd product} {ergonomic}
    uintx NonProfiledCodeHeapSize                  = 122910970                              {pd product} {ergonomic}
    uintx ProfiledCodeHeapSize                     = 122910970                              {pd product} {ergonomic}
    uintx ReservedCodeCacheSize                    = 251658240                              {pd product} {ergonomic}
     bool SegmentedCodeCache                       = true                                      {product} {ergonomic}
     bool UseCompressedClassPointers               = true                                 {lp64_product} {ergonomic}
     bool UseCompressedOops                        = true                                 {lp64_product} {ergonomic}
     bool UseG1GC                                  = true                                      {product} {ergonomic}
     bool UseLargePagesIndividualAllocation        = false                                  {pd product} {ergonomic}

Logging:
Log output configuration:
 #0: stdout all=warning uptime,level,tags
 #1: stderr all=off uptime,level,tags

Environment Variables:
PATH=C:\Program Files\Git\mingw64\libexec\git-core;C:\Program Files\Git\mingw64\libexec\git-core;C:\Program Files\Git\mingw64\bin;C:\Program Files\Git\usr\bin;C:\Users\Administrator\bin;C:\Program Files\Common Files\Oracle\Java\javapath;C:\Windows\system32;C:\Windows;C:\Windows\System32\Wbem;C:\Windows\System32\WindowsPowerShell\v1.0;C:\Windows\System32\OpenSSH;C:\Program Files\Git\cmd;C:\Program Files\dotnet;C:\Users\Administrator\AppData\Local\Microsoft\WindowsApps;C:\Program Files\JetBrains\IntelliJ IDEA Community Edition 2021.3.3\bin;C:\Users\Administrator\AppData\Local\Programs\Microsoft VS Code\bin;C:\Program Files\JetBrains\IntelliJ IDEA 2022.1\bin;C:\Users\Administrator\.dotnet\tools
USERNAME=Seki
DISPLAY=:0.0
LC_ALL=en_US.UTF-8
OS=Windows_NT
PROCESSOR_IDENTIFIER=AMD64 Family 23 Model 24 Stepping 1, AuthenticAMD



---------------  S Y S T E M  ---------------

OS: Windows 10 , 64 bit Build 19041 (10.0.19041.1566)
OS uptime: 0 days 15:07 hours

CPU:total 8 (initial active 8) (8 cores per cpu, 2 threads per core) family 23 model 24 stepping 1 microcode 0x0, cmov, cx8, fxsr, mmx, sse, sse2, sse3, ssse3, sse4.1, sse4.2, popcnt, avx, avx2, aes, clmul, mmxext, 3dnowpref, lzcnt, sse4a, ht, tsc, tscinvbit, tscinv, bmi1, bmi2, adx, sha, fma

Memory: 4k page, system-wide physical 16066M (2368M free)
TotalPageFile size 45861M (AvailPageFile size 3M)
current process WorkingSet (physical memory assigned to process): 14M, peak: 14M
current process commit charge ("private bytes"): 317M, peak: 317M

vm_info: OpenJDK 64-Bit Server VM (11.0.14.1+1-b2043.25) for windows-amd64 JRE (11.0.14.1+1-b2043.25), built on Mar 30 2022 06:22:56 by "" with MS VC++ 14.0 (VS2015)

END.
